<?xml version="1.0" encoding="UTF-8"?>
<!-- Generated by org.testng.reporters.JUnitXMLReporter -->
<testsuite hostname="DESKTOP-H9CA63L" name="Test" tests="3" failures="1" timestamp="2 Dec 2023 11:31:04 GMT" time="66.865" errors="0">
  <testcase name="test1" time="58.616" classname="org.FrameWork.SampleTestNG">
    <failure type="java.lang.AssertionError" message="Search Icon is not displayed">
      <![CDATA[java.lang.AssertionError: Search Icon is not displayed
	at PageObject.HomePage.searchProduct(HomePage.java:51)
	at org.FrameWork.SampleTestNG.test1(SampleTestNG.java:29)
... Removed 26 stack frames]]>
    </failure>
  </testcase> <!-- test1 -->
  <testcase name="test2" time="0.0" classname="org.FrameWork.SampleTestNG">
    <skipped/>
  </testcase> <!-- test2 -->
  <testcase name="test3" time="0.0" classname="org.FrameWork.SampleTestNG">
    <skipped/>
  </testcase> <!-- test3 -->
</testsuite> <!-- Test -->
